nohup: ignoring input

  .   ____          _            __ _ _
 /\\ / ___'_ __ _ _(_)_ __  __ _ \ \ \ \
( ( )\___ | '_ | '_| | '_ \/ _` | \ \ \ \
 \\/  ___)| |_)| | | | | || (_| |  ) ) ) )
  '  |____| .__|_| |_|_| |_\__, | / / / /
 =========|_|==============|___/=/_/_/_/
 :: Spring Boot ::                (v3.2.4)

2025-05-23T13:45:48.617Z  INFO 27077 --- [backend] [           main] com.dolai.backend.BackendApplication     : Starting BackendApplication v0.0.1-SNAPSHOT using Java 21.0.7 with PID 27077 (/root/DolAi-BE/backend/build/libs/backend-0.0.1-SNAPSHOT.jar started by root in /root/DolAi-BE/backend)
2025-05-23T13:45:48.620Z  INFO 27077 --- [backend] [           main] com.dolai.backend.BackendApplication     : No active profile set, falling back to 1 default profile: "default"
2025-05-23T13:45:49.831Z  INFO 27077 --- [backend] [           main] .s.d.r.c.RepositoryConfigurationDelegate : Multiple Spring Data modules found, entering strict repository configuration mode
2025-05-23T13:45:49.832Z  INFO 27077 --- [backend] [           main] .s.d.r.c.RepositoryConfigurationDelegate : Bootstrapping Spring Data Redis repositories in DEFAULT mode.
2025-05-23T13:45:49.853Z  INFO 27077 --- [backend] [           main] .s.d.r.c.RepositoryConfigurationDelegate : Finished Spring Data repository scanning in 6 ms. Found 0 Redis repository interfaces.
2025-05-23T13:45:50.245Z  INFO 27077 --- [backend] [           main] .s.d.r.c.RepositoryConfigurationDelegate : Multiple Spring Data modules found, entering strict repository configuration mode
2025-05-23T13:45:50.246Z  INFO 27077 --- [backend] [           main] .s.d.r.c.RepositoryConfigurationDelegate : Bootstrapping Spring Data JPA repositories in DEFAULT mode.
2025-05-23T13:45:50.381Z  INFO 27077 --- [backend] [           main] .RepositoryConfigurationExtensionSupport : Spring Data JPA - Could not safely identify store assignment for repository candidate interface com.dolai.backend.oauth.repository.TokenRepository; If you want this repository to be a JPA repository, consider annotating your entities with one of these annotations: jakarta.persistence.Entity, jakarta.persistence.MappedSuperclass (preferred), or consider extending one of the following types with your repository: org.springframework.data.jpa.repository.JpaRepository
2025-05-23T13:45:50.414Z  INFO 27077 --- [backend] [           main] .s.d.r.c.RepositoryConfigurationDelegate : Finished Spring Data repository scanning in 165 ms. Found 15 JPA repository interfaces.
2025-05-23T13:45:50.424Z  INFO 27077 --- [backend] [           main] .s.d.r.c.RepositoryConfigurationDelegate : Multiple Spring Data modules found, entering strict repository configuration mode
2025-05-23T13:45:50.425Z  INFO 27077 --- [backend] [           main] .s.d.r.c.RepositoryConfigurationDelegate : Bootstrapping Spring Data Redis repositories in DEFAULT mode.
2025-05-23T13:45:50.430Z  INFO 27077 --- [backend] [           main] .RepositoryConfigurationExtensionSupport : Spring Data Redis - Could not safely identify store assignment for repository candidate interface com.dolai.backend.screenshare.repository.ScreenShareRepository; If you want this repository to be a Redis repository, consider annotating your entities with one of these annotations: org.springframework.data.redis.core.RedisHash (preferred), or consider extending one of the following types with your repository: org.springframework.data.keyvalue.repository.KeyValueRepository
2025-05-23T13:45:50.432Z  INFO 27077 --- [backend] [           main] .RepositoryConfigurationExtensionSupport : Spring Data Redis - Could not safely identify store assignment for repository candidate interface com.dolai.backend.meeting.repository.ParticipantsRepository; If you want this repository to be a Redis repository, consider annotating your entities with one of these annotations: org.springframework.data.redis.core.RedisHash (preferred), or consider extending one of the following types with your repository: org.springframework.data.keyvalue.repository.KeyValueRepository
2025-05-23T13:45:50.432Z  INFO 27077 --- [backend] [           main] .RepositoryConfigurationExtensionSupport : Spring Data Redis - Could not safely identify store assignment for repository candidate interface com.dolai.backend.meeting.repository.MeetingRepository; If you want this repository to be a Redis repository, consider annotating your entities with one of these annotations: org.springframework.data.redis.core.RedisHash (preferred), or consider extending one of the following types with your repository: org.springframework.data.keyvalue.repository.KeyValueRepository
2025-05-23T13:45:50.432Z  INFO 27077 --- [backend] [           main] .RepositoryConfigurationExtensionSupport : Spring Data Redis - Could not safely identify store assignment for repository candidate interface com.dolai.backend.user.repository.UserRepository; If you want this repository to be a Redis repository, consider annotating your entities with one of these annotations: org.springframework.data.redis.core.RedisHash (preferred), or consider extending one of the following types with your repository: org.springframework.data.keyvalue.repository.KeyValueRepository
2025-05-23T13:45:50.433Z  INFO 27077 --- [backend] [           main] .RepositoryConfigurationExtensionSupport : Spring Data Redis - Could not safely identify store assignment for repository candidate interface com.dolai.backend.todo.repository.TodoRepository; If you want this repository to be a Redis repository, consider annotating your entities with one of these annotations: org.springframework.data.redis.core.RedisHash (preferred), or consider extending one of the following types with your repository: org.springframework.data.keyvalue.repository.KeyValueRepository
2025-05-23T13:45:50.433Z  INFO 27077 --- [backend] [           main] .RepositoryConfigurationExtensionSupport : Spring Data Redis - Could not safely identify store assignment for repository candidate interface com.dolai.backend.document.repository.DocumentPlacementRepository; If you want this repository to be a Redis repository, consider annotating your entities with one of these annotations: org.springframework.data.redis.core.RedisHash (preferred), or consider extending one of the following types with your repository: org.springframework.data.keyvalue.repository.KeyValueRepository
2025-05-23T13:45:50.433Z  INFO 27077 --- [backend] [           main] .RepositoryConfigurationExtensionSupport : Spring Data Redis - Could not safely identify store assignment for repository candidate interface com.dolai.backend.document.repository.DocumentRepository; If you want this repository to be a Redis repository, consider annotating your entities with one of these annotations: org.springframework.data.redis.core.RedisHash (preferred), or consider extending one of the following types with your repository: org.springframework.data.keyvalue.repository.KeyValueRepository
2025-05-23T13:45:50.433Z  INFO 27077 --- [backend] [           main] .RepositoryConfigurationExtensionSupport : Spring Data Redis - Could not safely identify store assignment for repository candidate interface com.dolai.backend.directory.repository.DirectoryRepository; If you want this repository to be a Redis repository, consider annotating your entities with one of these annotations: org.springframework.data.redis.core.RedisHash (preferred), or consider extending one of the following types with your repository: org.springframework.data.keyvalue.repository.KeyValueRepository
2025-05-23T13:45:50.433Z  INFO 27077 --- [backend] [           main] .RepositoryConfigurationExtensionSupport : Spring Data Redis - Could not safely identify store assignment for repository candidate interface com.dolai.backend.directory.repository.DirectoryUserRepository; If you want this repository to be a Redis repository, consider annotating your entities with one of these annotations: org.springframework.data.redis.core.RedisHash (preferred), or consider extending one of the following types with your repository: org.springframework.data.keyvalue.repository.KeyValueRepository
2025-05-23T13:45:50.434Z  INFO 27077 --- [backend] [           main] .RepositoryConfigurationExtensionSupport : Spring Data Redis - Could not safely identify store assignment for repository candidate interface com.dolai.backend.notification.repository.NotificationRepository; If you want this repository to be a Redis repository, consider annotating your entities with one of these annotations: org.springframework.data.redis.core.RedisHash (preferred), or consider extending one of the following types with your repository: org.springframework.data.keyvalue.repository.KeyValueRepository
2025-05-23T13:45:50.434Z  INFO 27077 --- [backend] [           main] .RepositoryConfigurationExtensionSupport : Spring Data Redis - Could not safely identify store assignment for repository candidate interface com.dolai.backend.whiteboard.repository.WhiteboardSessionRepository; If you want this repository to be a Redis repository, consider annotating your entities with one of these annotations: org.springframework.data.redis.core.RedisHash (preferred), or consider extending one of the following types with your repository: org.springframework.data.keyvalue.repository.KeyValueRepository
2025-05-23T13:45:50.434Z  INFO 27077 --- [backend] [           main] .RepositoryConfigurationExtensionSupport : Spring Data Redis - Could not safely identify store assignment for repository candidate interface com.dolai.backend.stt_log.repository.STTLogRepository; If you want this repository to be a Redis repository, consider annotating your entities with one of these annotations: org.springframework.data.redis.core.RedisHash (preferred), or consider extending one of the following types with your repository: org.springframework.data.keyvalue.repository.KeyValueRepository
2025-05-23T13:45:50.434Z  INFO 27077 --- [backend] [           main] .RepositoryConfigurationExtensionSupport : Spring Data Redis - Could not safely identify store assignment for repository candidate interface com.dolai.backend.friend.repository.FriendsRepository; If you want this repository to be a Redis repository, consider annotating your entities with one of these annotations: org.springframework.data.redis.core.RedisHash (preferred), or consider extending one of the following types with your repository: org.springframework.data.keyvalue.repository.KeyValueRepository
2025-05-23T13:45:50.435Z  INFO 27077 --- [backend] [           main] .RepositoryConfigurationExtensionSupport : Spring Data Redis - Could not safely identify store assignment for repository candidate interface com.dolai.backend.metadata.repository.DirectoryMetaDataRepository; If you want this repository to be a Redis repository, consider annotating your entities with one of these annotations: org.springframework.data.redis.core.RedisHash (preferred), or consider extending one of the following types with your repository: org.springframework.data.keyvalue.repository.KeyValueRepository
2025-05-23T13:45:50.435Z  INFO 27077 --- [backend] [           main] .RepositoryConfigurationExtensionSupport : Spring Data Redis - Could not safely identify store assignment for repository candidate interface com.dolai.backend.metadata.repository.DocumentMetaDataRepository; If you want this repository to be a Redis repository, consider annotating your entities with one of these annotations: org.springframework.data.redis.core.RedisHash (preferred), or consider extending one of the following types with your repository: org.springframework.data.keyvalue.repository.KeyValueRepository
2025-05-23T13:45:50.438Z  INFO 27077 --- [backend] [           main] .s.d.r.c.RepositoryConfigurationDelegate : Finished Spring Data repository scanning in 13 ms. Found 1 Redis repository interface.
2025-05-23T13:45:51.624Z  INFO 27077 --- [backend] [           main] o.s.b.w.embedded.tomcat.TomcatWebServer  : Tomcat initialized with port 8081 (http)
2025-05-23T13:45:51.642Z  INFO 27077 --- [backend] [           main] o.apache.catalina.core.StandardService   : Starting service [Tomcat]
2025-05-23T13:45:51.642Z  INFO 27077 --- [backend] [           main] o.apache.catalina.core.StandardEngine    : Starting Servlet engine: [Apache Tomcat/10.1.19]
2025-05-23T13:45:51.688Z  INFO 27077 --- [backend] [           main] o.a.c.c.C.[Tomcat].[localhost].[/]       : Initializing Spring embedded WebApplicationContext
2025-05-23T13:45:51.690Z  INFO 27077 --- [backend] [           main] w.s.c.ServletWebServerApplicationContext : Root WebApplicationContext: initialization completed in 2945 ms
2025-05-23T13:45:52.154Z  INFO 27077 --- [backend] [           main] o.hibernate.jpa.internal.util.LogHelper  : HHH000204: Processing PersistenceUnitInfo [name: default]
2025-05-23T13:45:52.258Z  INFO 27077 --- [backend] [           main] org.hibernate.Version                    : HHH000412: Hibernate ORM core version 6.4.4.Final
2025-05-23T13:45:52.311Z  INFO 27077 --- [backend] [           main] o.h.c.internal.RegionFactoryInitiator    : HHH000026: Second-level cache disabled
2025-05-23T13:45:52.689Z  INFO 27077 --- [backend] [           main] o.s.o.j.p.SpringPersistenceUnitInfo      : No LoadTimeWeaver setup: ignoring JPA class transformer
2025-05-23T13:45:52.723Z  INFO 27077 --- [backend] [           main] com.zaxxer.hikari.HikariDataSource       : HikariPool-1 - Starting...
2025-05-23T13:45:53.129Z  INFO 27077 --- [backend] [           main] com.zaxxer.hikari.pool.HikariPool        : HikariPool-1 - Added connection com.mysql.cj.jdbc.ConnectionImpl@3bf40c74
2025-05-23T13:45:53.133Z  INFO 27077 --- [backend] [           main] com.zaxxer.hikari.HikariDataSource       : HikariPool-1 - Start completed.
2025-05-23T13:45:53.209Z  WARN 27077 --- [backend] [           main] org.hibernate.orm.deprecation            : HHH90000025: MySQLDialect does not need to be specified explicitly using 'hibernate.dialect' (remove the property setting and it will be selected by default)
2025-05-23T13:45:54.663Z  INFO 27077 --- [backend] [           main] o.h.e.t.j.p.i.JtaPlatformInitiator       : HHH000489: No JTA platform available (set 'hibernate.transaction.jta.platform' to enable JTA platform integration)
2025-05-23T13:45:54.848Z  INFO 27077 --- [backend] [           main] j.LocalContainerEntityManagerFactoryBean : Initialized JPA EntityManagerFactory for persistence unit 'default'
2025-05-23T13:45:55.654Z  INFO 27077 --- [backend] [           main] c.dolai.backend.oauth.jwt.TokenProvider  : 🔑 JWT Secret Key 초기화 중...
2025-05-23T13:45:55.657Z  INFO 27077 --- [backend] [           main] c.dolai.backend.oauth.jwt.TokenProvider  : ✅ JWT Secret Key 설정 완료!
2025-05-23T13:45:56.147Z  INFO 27077 --- [backend] [           main] o.s.d.j.r.query.QueryEnhancerFactory     : Hibernate is in classpath; If applicable, HQL parser will be used.
2025-05-23T13:45:57.421Z  INFO 27077 --- [backend] [           main] com.dolai.backend.s3.S3Service           : S3 업로드 서비스 초기화 완료: 버킷=dolai-meeting-docs, 리전=ap-northeast-2
✅ Redis 연결 성공: Hello, Redis!
2025-05-23T13:45:59.254Z  WARN 27077 --- [backend] [           main] JpaBaseConfiguration$JpaWebConfiguration : spring.jpa.open-in-view is enabled by default. Therefore, database queries may be performed during view rendering. Explicitly configure spring.jpa.open-in-view to disable this warning
2025-05-23T13:45:59.739Z  INFO 27077 --- [backend] [           main] o.s.b.a.e.web.EndpointLinksResolver      : Exposing 1 endpoint(s) beneath base path '/actuator'
2025-05-23T13:45:59.814Z  INFO 27077 --- [backend] [           main] o.s.s.web.DefaultSecurityFilterChain     : Will secure any request with [org.springframework.security.web.session.DisableEncodeUrlFilter@badbf43, org.springframework.security.web.context.request.async.WebAsyncManagerIntegrationFilter@199cc100, org.springframework.security.web.context.SecurityContextHolderFilter@571850c, org.springframework.security.web.header.HeaderWriterFilter@3729b745, org.springframework.web.filter.CorsFilter@64db533c, org.springframework.security.web.authentication.logout.LogoutFilter@244160dc, com.dolai.backend.oauth.jwt.filter.TokenExceptionFilter@507ea530, com.dolai.backend.oauth.jwt.filter.TokenAuthenticationFilter@279b83ea, org.springframework.security.web.savedrequest.RequestCacheAwareFilter@6fe04d9d, org.springframework.security.web.servletapi.SecurityContextHolderAwareRequestFilter@7c95d101, org.springframework.security.web.authentication.AnonymousAuthenticationFilter@364f4fdb, org.springframework.security.web.session.SessionManagementFilter@28eb8bad, org.springframework.security.web.access.ExceptionTranslationFilter@62f4f79e, org.springframework.security.web.access.intercept.AuthorizationFilter@262d3026]
2025-05-23T13:46:00.335Z  INFO 27077 --- [backend] [           main] o.s.b.w.embedded.tomcat.TomcatWebServer  : Tomcat started on port 8081 (http) with context path ''
2025-05-23T13:46:00.336Z  INFO 27077 --- [backend] [           main] o.s.m.s.b.SimpleBrokerMessageHandler     : Starting...
2025-05-23T13:46:00.337Z  INFO 27077 --- [backend] [           main] o.s.m.s.b.SimpleBrokerMessageHandler     : BrokerAvailabilityEvent[available=true, SimpleBrokerMessageHandler [org.springframework.messaging.simp.broker.DefaultSubscriptionRegistry@50b6bf32]]
2025-05-23T13:46:00.337Z  INFO 27077 --- [backend] [           main] o.s.m.s.b.SimpleBrokerMessageHandler     : Started.
2025-05-23T13:46:00.352Z  INFO 27077 --- [backend] [           main] com.dolai.backend.BackendApplication     : Started BackendApplication in 12.264 seconds (process running for 12.939)
2025-05-23T13:46:10.020Z  INFO 27077 --- [backend] [nio-8081-exec-1] o.a.c.c.C.[Tomcat].[localhost].[/]       : Initializing Spring DispatcherServlet 'dispatcherServlet'
2025-05-23T13:46:10.020Z  INFO 27077 --- [backend] [nio-8081-exec-1] o.s.web.servlet.DispatcherServlet        : Initializing Servlet 'dispatcherServlet'
2025-05-23T13:46:10.023Z  INFO 27077 --- [backend] [nio-8081-exec-1] o.s.web.servlet.DispatcherServlet        : Completed initialization in 2 ms
2025-05-23T13:46:10.129Z  INFO 27077 --- [backend] [nio-8081-exec-1] c.d.b.oauth.controller.AuthController    : 🔹 소셜 로그인 요청: provider=google, code=4/0AUJR-x5dPqqK0FakxHNuAJPLPROIP-lqYocnEkYO724TmawE8GHWNIGXkx97RSrH21vVIA
2025-05-23T13:46:10.129Z  INFO 27077 --- [backend] [nio-8081-exec-1] c.d.backend.oauth.service.OAuth2Service  : 🔹 OAuth2 로그인 시도: provider=google, code=4/0AUJR-x5dPqqK0FakxHNuAJPLPROIP-lqYocnEkYO724TmawE8GHWNIGXkx97RSrH21vVIA
2025-05-23T13:46:10.129Z  INFO 27077 --- [backend] [nio-8081-exec-1] c.d.backend.oauth.service.OAuth2Service  : ✅ OAuth2Properties 확인: com.dolai.backend.oauth.model.OAuth2Properties@768ceda4
2025-05-23T13:46:10.129Z  INFO 27077 --- [backend] [nio-8081-exec-1] c.d.backend.oauth.service.OAuth2Service  : ✅ providerConfig 로드 완료: clientId=871585618181-cma44cr08a4jl2hu17vl1bvt5gin2d4k.apps.googleusercontent.com
2025-05-23T13:46:10.136Z  INFO 27077 --- [backend] [nio-8081-exec-1] c.d.b.oauth.service.OAuth2ApiClient      : 🔹 [OAuth2 요청] Provider: google, Token URI: https://oauth2.googleapis.com/token
2025-05-23T13:46:10.136Z  INFO 27077 --- [backend] [nio-8081-exec-1] c.d.b.oauth.service.OAuth2ApiClient      : 🔹 [OAuth2 요청 데이터] client_id: 871585618181-cma44cr08a4jl2hu17vl1bvt5gin2d4k.apps.googleusercontent.com, redirect_uri: https://3.34.92.187.nip.io/auth/callback, code: 4/0AUJR-x5dPqqK0FakxHNuAJPLPROIP-lqYocnEkYO724TmawE8GHWNIGXkx97RSrH21vVIA
2025-05-23T13:46:10.137Z  INFO 27077 --- [backend] [nio-8081-exec-1] c.d.b.oauth.service.OAuth2ApiClient      : ✅ 최종 redirect_uri 확인: https://3.34.92.187.nip.io/auth/callback
2025-05-23T13:46:10.640Z  INFO 27077 --- [backend] [nio-8081-exec-1] c.d.b.oauth.service.OAuth2ApiClient      : Requesting user info from: https://www.googleapis.com/oauth2/v3/userinfo
2025-05-23T13:46:10.917Z  INFO 27077 --- [backend] [nio-8081-exec-1] c.d.backend.user.service.UserService     : 🔄 기존 사용자 프로필이미지만 업데이트: com.dolai.backend.user.model.User@4cbbae19
2025-05-23T13:46:10.931Z  INFO 27077 --- [backend] [nio-8081-exec-1] c.d.backend.oauth.service.OAuth2Service  : ✅ 사용자 저장/업데이트 완료: userId=117016662390402281998
2025-05-23T13:46:10.932Z  INFO 27077 --- [backend] [nio-8081-exec-1] c.dolai.backend.oauth.jwt.TokenProvider  : 🔹 AccessToken 생성 요청 - 사용자: com.dolai.backend.user.model.User@4cbbae19
2025-05-23T13:46:10.932Z  INFO 27077 --- [backend] [nio-8081-exec-1] c.dolai.backend.oauth.jwt.TokenProvider  : 🔍 JWT 생성 시작...
2025-05-23T13:46:10.932Z  INFO 27077 --- [backend] [nio-8081-exec-1] c.dolai.backend.oauth.jwt.TokenProvider  : ✅ 사용자: com.dolai.backend.user.model.User@4cbbae19, 권한: [ROLE_USER]
2025-05-23T13:46:10.986Z  INFO 27077 --- [backend] [nio-8081-exec-1] c.dolai.backend.oauth.jwt.TokenProvider  : 🔹 RefreshToken 생성 요청 - 사용자: com.dolai.backend.user.model.User@4cbbae19
2025-05-23T13:46:10.986Z  INFO 27077 --- [backend] [nio-8081-exec-1] c.dolai.backend.oauth.jwt.TokenProvider  : 🔍 JWT 생성 시작...
2025-05-23T13:46:10.987Z  INFO 27077 --- [backend] [nio-8081-exec-1] c.dolai.backend.oauth.jwt.TokenProvider  : ✅ 사용자: com.dolai.backend.user.model.User@4cbbae19, 권한: [ROLE_USER]
2025-05-23T13:46:11.047Z  INFO 27077 --- [backend] [nio-8081-exec-1] c.d.backend.oauth.service.TokenService   : 🔄 Redis에서 기존 토큰 업데이트: userId=117016662390402281998
2025-05-23T13:46:11.060Z  INFO 27077 --- [backend] [nio-8081-exec-1] c.d.backend.oauth.service.TokenService   : ✅ [TokenService] 저장 완료: userId=117016662390402281998, refreshToken=eyJhbGciOiJIUzUxMiJ9.eyJzdWIiOiIxMTcwMTY2NjIzOTA0MDIyODE5OTgiLCJyb2xlIjoiUk9MRV9VU0VSIiwiaWF0IjoxNzQ4MDA3OTcwLCJleHAiOjE3NDg2MTI3NzB9.OCiXbrcNMmMW-iJZocncevNafsBBV7yzXnfhM3q7OVCgYpLuGOSAOu1VOBCp-tGOISQbvZ1BGu9YLlx-sW-HIQ, accessToken=eyJhbGciOiJIUzUxMiJ9.eyJzdWIiOiIxMTcwMTY2NjIzOTA0MDIyODE5OTgiLCJyb2xlIjoiUk9MRV9VU0VSIiwiaWF0IjoxNzQ4MDA3OTcwLCJleHAiOjE3NDgwOTQzNzB9.ORgBI_G5OhRiDTFXCRESxzJ6MFmF7YxhS4WnVykHCctjRT5z_tYxbLlP_KFiMam7fDILsZmXO3Un3znXiIFomQ
2025-05-23T13:47:00.285Z  INFO 27077 --- [backend] [MessageBroker-4] o.s.w.s.c.WebSocketMessageBrokerStats    : WebSocketSession[0 current WS(0)-HttpStream(0)-HttpPoll(0), 0 total, 0 closed abnormally (0 connect failure, 0 send limit, 0 transport error)], stompSubProtocol[processed CONNECT(0)-CONNECTED(0)-DISCONNECT(0)], stompBrokerRelay[null], inboundChannel[pool size = 0, active threads = 0, queued tasks = 0, completed tasks = 0], outboundChannel[pool size = 0, active threads = 0, queued tasks = 0, completed tasks = 0], sockJsScheduler[pool size = 4, active threads = 1, queued tasks = 1, completed tasks = 20]
2025-05-23T13:47:00.882Z  INFO 27077 --- [backend] [nio-8081-exec-2] c.d.b.oauth.controller.AuthController    : 🔹 소셜 로그인 요청: provider=google, code=4/0AUJR-x4I_5qdX-S-JWqgE4pTw5Vi1Z5kmMS7GPKr2mFAAndqqQOeGA5d-Kc7jmKmriQdoA
2025-05-23T13:47:00.882Z  INFO 27077 --- [backend] [nio-8081-exec-2] c.d.backend.oauth.service.OAuth2Service  : 🔹 OAuth2 로그인 시도: provider=google, code=4/0AUJR-x4I_5qdX-S-JWqgE4pTw5Vi1Z5kmMS7GPKr2mFAAndqqQOeGA5d-Kc7jmKmriQdoA
2025-05-23T13:47:00.882Z  INFO 27077 --- [backend] [nio-8081-exec-2] c.d.backend.oauth.service.OAuth2Service  : ✅ OAuth2Properties 확인: com.dolai.backend.oauth.model.OAuth2Properties@768ceda4
2025-05-23T13:47:00.883Z  INFO 27077 --- [backend] [nio-8081-exec-2] c.d.backend.oauth.service.OAuth2Service  : ✅ providerConfig 로드 완료: clientId=871585618181-cma44cr08a4jl2hu17vl1bvt5gin2d4k.apps.googleusercontent.com
2025-05-23T13:47:00.883Z  INFO 27077 --- [backend] [nio-8081-exec-2] c.d.b.oauth.service.OAuth2ApiClient      : 🔹 [OAuth2 요청] Provider: google, Token URI: https://oauth2.googleapis.com/token
2025-05-23T13:47:00.883Z  INFO 27077 --- [backend] [nio-8081-exec-2] c.d.b.oauth.service.OAuth2ApiClient      : 🔹 [OAuth2 요청 데이터] client_id: 871585618181-cma44cr08a4jl2hu17vl1bvt5gin2d4k.apps.googleusercontent.com, redirect_uri: https://3.34.92.187.nip.io/auth/callback, code: 4/0AUJR-x4I_5qdX-S-JWqgE4pTw5Vi1Z5kmMS7GPKr2mFAAndqqQOeGA5d-Kc7jmKmriQdoA
2025-05-23T13:47:00.883Z  INFO 27077 --- [backend] [nio-8081-exec-2] c.d.b.oauth.service.OAuth2ApiClient      : ✅ 최종 redirect_uri 확인: https://3.34.92.187.nip.io/auth/callback
2025-05-23T13:47:00.991Z  INFO 27077 --- [backend] [nio-8081-exec-2] c.d.b.oauth.service.OAuth2ApiClient      : Requesting user info from: https://www.googleapis.com/oauth2/v3/userinfo
2025-05-23T13:47:01.111Z  INFO 27077 --- [backend] [nio-8081-exec-2] c.d.backend.user.service.UserService     : 🔄 기존 사용자 프로필이미지만 업데이트: com.dolai.backend.user.model.User@29b2530b
2025-05-23T13:47:01.113Z  INFO 27077 --- [backend] [nio-8081-exec-2] c.d.backend.oauth.service.OAuth2Service  : ✅ 사용자 저장/업데이트 완료: userId=115262388928733391824
2025-05-23T13:47:01.113Z  INFO 27077 --- [backend] [nio-8081-exec-2] c.dolai.backend.oauth.jwt.TokenProvider  : 🔹 AccessToken 생성 요청 - 사용자: com.dolai.backend.user.model.User@29b2530b
2025-05-23T13:47:01.113Z  INFO 27077 --- [backend] [nio-8081-exec-2] c.dolai.backend.oauth.jwt.TokenProvider  : 🔍 JWT 생성 시작...
2025-05-23T13:47:01.113Z  INFO 27077 --- [backend] [nio-8081-exec-2] c.dolai.backend.oauth.jwt.TokenProvider  : ✅ 사용자: com.dolai.backend.user.model.User@29b2530b, 권한: [ROLE_USER]
2025-05-23T13:47:01.114Z  INFO 27077 --- [backend] [nio-8081-exec-2] c.dolai.backend.oauth.jwt.TokenProvider  : 🔹 RefreshToken 생성 요청 - 사용자: com.dolai.backend.user.model.User@29b2530b
2025-05-23T13:47:01.114Z  INFO 27077 --- [backend] [nio-8081-exec-2] c.dolai.backend.oauth.jwt.TokenProvider  : 🔍 JWT 생성 시작...
2025-05-23T13:47:01.114Z  INFO 27077 --- [backend] [nio-8081-exec-2] c.dolai.backend.oauth.jwt.TokenProvider  : ✅ 사용자: com.dolai.backend.user.model.User@29b2530b, 권한: [ROLE_USER]
2025-05-23T13:47:01.117Z  INFO 27077 --- [backend] [nio-8081-exec-2] c.d.backend.oauth.service.TokenService   : 🔄 Redis에서 기존 토큰 업데이트: userId=115262388928733391824
2025-05-23T13:47:01.119Z  INFO 27077 --- [backend] [nio-8081-exec-2] c.d.backend.oauth.service.TokenService   : ✅ [TokenService] 저장 완료: userId=115262388928733391824, refreshToken=eyJhbGciOiJIUzUxMiJ9.eyJzdWIiOiIxMTUyNjIzODg5Mjg3MzMzOTE4MjQiLCJyb2xlIjoiUk9MRV9VU0VSIiwiaWF0IjoxNzQ4MDA4MDIxLCJleHAiOjE3NDg2MTI4MjF9.8h43KwJjcwKPNPf06XEWIbK10HFrh4VMnYbT1YT1Cwma9MbHcHZVq1zDpvDi6GNvydAm78G-ZS9Ihv_fJ1H70A, accessToken=eyJhbGciOiJIUzUxMiJ9.eyJzdWIiOiIxMTUyNjIzODg5Mjg3MzMzOTE4MjQiLCJyb2xlIjoiUk9MRV9VU0VSIiwiaWF0IjoxNzQ4MDA4MDIxLCJleHAiOjE3NDgwOTQ0MjF9.7-Ufb_5CAqBbnaajjiJhubBcWRInXKVhsGY5nmRGVy7MeRQ6_g5CKJJ61ekBkIyZwJE_2z_kd5JQRV1BMTzxRQ
